Gazebo multi-robot simulator, version 11.10.2
Copyright (C) 2012 Open Source Robotics Foundation.
Released under the Apache 2 License.
http://gazebosim.org


(1765818313 159637513) [Wrn] [gazebo_ros_init.cpp:178] 
#     # ####### ####### ###  #####  #######
##    # #     #    #     #  #     # #
# #   # #     #    #     #  #       #
#  #  # #     #    #     #  #       #####
#   # # #     #    #     #  #       #
#    ## #     #    #     #  #     # #
#     # #######    #    ###  #####  #######

This version of Gazebo, now called Gazebo classic, reaches end-of-life
in January 2025. Users are highly encouraged to migrate to the new Gazebo
using our migration guides (https://gazebosim.org/docs/latest/gazebo_classic_migration?utm_source=gazebo_ros_pkgs&utm_medium=cli)


(1765818313 190048824) [Msg] Waiting for master.
(1765818313 196045103) [Msg] Connected to gazebo master @ http://127.0.0.1:11345
(1765818313 196082877) [Msg] Publicized address: 10.255.255.254
(1765818314 776835099) [Msg] Loading world file [/home/sumit/turtlebot3_ws/install/turtlebot3_gazebo/share/turtlebot3_gazebo/worlds/turtlebot3_world.world]
(1765818314 963035781) Init world[default]
(1765818315 433876936) applying Gaussian noise model with mean 0, stddev 0.0002, bias 0
(1765818315 433919045) applying Gaussian noise model with mean 0, stddev 0.0002, bias 0
(1765818315 433953348) applying Gaussian noise model with mean 0, stddev 0.0002, bias 0
(1765818315 433985143) Applying angular velocity noise to IMU[tb3_imu].
  X: Gaussian noise, mean[0], stdDev[0.0002] bias[0] dynamicBiasStdDev[0] dynamicBiasCorrTime[0] precision[0] quantized[0]
  Y: Gaussian noise, mean[0], stdDev[0.0002] bias[0] dynamicBiasStdDev[0] dynamicBiasCorrTime[0] precision[0] quantized[0]
  Z: Gaussian noise, mean[0], stdDev[0.0002] bias[0] dynamicBiasStdDev[0] dynamicBiasCorrTime[0] precision[0] quantized[0]
(1765818315 434003870) applying Gaussian noise model with mean 0, stddev 0.017, bias 0
(1765818315 434038237) applying Gaussian noise model with mean 0, stddev 0.017, bias 0
(1765818315 434071199) applying Gaussian noise model with mean 0, stddev 0.017, bias 0
(1765818315 434102664) Applying linear acceleration noise to IMU[tb3_imu].
  X: Gaussian noise, mean[0], stdDev[0.017] bias[0] dynamicBiasStdDev[0] dynamicBiasCorrTime[0] precision[0] quantized[0]
  Y: Gaussian noise, mean[0], stdDev[0.017] bias[0] dynamicBiasStdDev[0] dynamicBiasCorrTime[0] precision[0] quantized[0]
  Z: Gaussian noise, mean[0], stdDev[0.017] bias[0] dynamicBiasStdDev[0] dynamicBiasCorrTime[0] precision[0] quantized[0]
(1765818315 569821069) applying Gaussian noise model with mean 0, stddev 0.01, bias 0
(1765818315 900413487) [Wrn] [Event.cc:61] Warning: Deleting a connection right after creation. Make sure to save the ConnectionPtr from a Connect call
(1765818315 905724490) applying Gaussian noise model with mean 0, stddev 0.007, bias 0
(1765821042 75619206) [Wrn] [Publisher.cc:135] Queue limit reached for topic /gazebo/default/pose/local/info, deleting message. This warning is printed only once.
